SF:lib/data/repositories/book_repository.dart
DA:7,1
DA:9,1
DA:10,3
DA:15,1
DA:18,1
DA:19,3
DA:24,1
DA:27,1
DA:28,3
DA:33,1
LF:10
LH:10
end_of_record
SF:lib/data/models/book.dart
DA:8,3
DA:11,2
DA:12,2
DA:13,2
DA:14,2
DA:15,2
DA:19,0
DA:20,0
DA:21,0
DA:22,0
DA:23,0
DA:27,0
DA:28,0
DA:29,0
DA:30,0
DA:31,0
DA:35,1
DA:36,1
DA:37,1
DA:38,1
DA:39,1
DA:53,3
DA:63,2
DA:64,2
DA:65,8
DA:67,2
DA:68,2
DA:69,2
DA:71,4
DA:72,4
DA:73,4
DA:74,2
DA:78,0
DA:79,0
DA:80,0
DA:81,0
DA:82,0
DA:83,0
DA:84,0
DA:85,0
DA:86,0
DA:90,0
DA:91,0
DA:92,0
DA:93,0
DA:94,0
DA:95,0
DA:96,0
DA:97,0
DA:98,0
DA:102,1
DA:103,1
DA:104,1
DA:105,1
DA:106,5
DA:107,1
DA:108,1
DA:109,1
DA:110,1
DA:121,3
DA:123,2
DA:124,2
DA:125,8
DA:127,2
DA:128,2
DA:129,2
DA:130,2
DA:135,1
DA:136,1
DA:137,1
DA:138,1
DA:139,1
DA:140,5
LF:73
LH:45
end_of_record
SF:lib/data/repositories/favourite_repository.dart
DA:9,0
DA:12,0
DA:13,0
DA:16,0
DA:17,0
DA:19,0
DA:20,0
LF:7
LH:0
end_of_record
SF:lib/domains/models/book.dart
DA:6,1
DA:23,1
DA:34,0
DA:44,0
DA:45,0
DA:46,0
DA:47,0
DA:48,0
DA:49,0
DA:50,0
DA:51,0
DA:52,0
DA:63,1
LF:13
LH:3
end_of_record
SF:lib/domains/usecase/book_usecase.dart
DA:9,1
DA:11,1
DA:12,2
DA:13,1
DA:18,1
DA:19,2
DA:20,1
DA:21,2
DA:24,2
DA:25,0
DA:31,1
DA:32,2
DA:33,1
LF:13
LH:12
end_of_record
SF:lib/packages/dio_package.dart
DA:7,0
DA:8,0
DA:9,0
DA:10,0
DA:13,0
DA:15,0
DA:16,0
LF:7
LH:0
end_of_record
